[debug] [2020-09-10T16:04:20.975Z] ----------------------------------------------------------------------
[debug] [2020-09-10T16:04:20.978Z] Command:       C:\Program Files\nodejs\node.exe C:\Users\SURESH\AppData\Roaming\npm\node_modules\firebase-tools\lib\bin\firebase.js init
[debug] [2020-09-10T16:04:20.979Z] CLI Version:   8.10.0
[debug] [2020-09-10T16:04:20.979Z] Platform:      win32
[debug] [2020-09-10T16:04:20.979Z] Node Version:  v12.16.2
[debug] [2020-09-10T16:04:20.980Z] Time:          Thu Sep 10 2020 21:04:20 GMT+0500 (Pakistan Standard Time)
[debug] [2020-09-10T16:04:20.981Z] ----------------------------------------------------------------------
[debug] [2020-09-10T16:04:20.981Z] 
[debug] [2020-09-10T16:04:20.992Z] > command requires scopes: ["email","openid","https://www.googleapis.com/auth/cloudplatformprojects.readonly","https://www.googleapis.com/auth/firebase","https://www.googleapis.com/auth/cloud-platform"]
[debug] [2020-09-10T16:04:20.993Z] > authorizing via signed-in user
[info] 
     ######## #### ########  ######## ########     ###     ######  ########
     ##        ##  ##     ## ##       ##     ##  ##   ##  ##       ##
     ######    ##  ########  ######   ########  #########  ######  ######
     ##        ##  ##    ##  ##       ##     ## ##     ##       ## ##
     ##       #### ##     ## ######## ########  ##     ##  ######  ########

You're about to initialize a Firebase project in this directory:

  C:\Users\SURESH

Before we get started, keep in mind:

  * You are initializing in an existing Firebase project directory

[info] 
=== Project Setup
[info] 
[info] First, let's associate this project directory with a Firebase project.
[info] You can create multiple project aliases by running firebase use --add, 
[info] but for now we'll just set up a default project.
[info] 
[info] i  .firebaserc already has a default project, using imagefirebase-39162. 
[debug] [2020-09-10T16:04:58.338Z] >>> HTTP REQUEST GET https://firebase.googleapis.com/v1beta1/projects/imagefirebase-39162  
 
[debug] [2020-09-10T16:04:58.954Z] <<< HTTP RESPONSE 200 {"content-type":"application/json; charset=UTF-8","vary":"X-Origin, Referer, Origin,Accept-Encoding","date":"Thu, 10 Sep 2020 16:04:59 GMT","server":"ESF","cache-control":"private","x-xss-protection":"0","x-frame-options":"SAMEORIGIN","x-content-type-options":"nosniff","alt-svc":"h3-29=\":443\"; ma=2592000,h3-27=\":443\"; ma=2592000,h3-T051=\":443\"; ma=2592000,h3-T050=\":443\"; ma=2592000,h3-Q050=\":443\"; ma=2592000,h3-Q046=\":443\"; ma=2592000,h3-Q043=\":443\"; ma=2592000,quic=\":443\"; ma=2592000; v=\"46,43\"","accept-ranges":"none","transfer-encoding":"chunked"}
[info] 
=== Hosting Setup
[info] 
[info] Your public directory is the folder (relative to your project directory) that
[info] will contain Hosting assets to be uploaded with firebase deploy. If you
[info] have a build process for your assets, use your build's output directory.
[info] 
